<?xml version="1.0" encoding="UTF-8"?>
<!-- Generated by org.testng.reporters.JUnitReportReporter -->
<testsuite hostname="YPTRNG05DT" name="runner.Runner2" tests="1" failures="0" timestamp="15 Dec 2018 10:34:50 GMT" time="13.820" errors="0">
  <testcase name="feature" time="13.820" classname="runner.Runner2"/>
</testsuite> <!-- runner.Runner2 -->
